21:43:14.040 | Robot.SettingsEngine | Загрузка стратегий из DbStrategies.xml
21:43:15.478 | Robot.MainWindow | Добавлена стратегия 'BSS'
21:43:15.576 | Robot.MainWindow | Добавлена стратегия 'BSS'
21:43:15.623 | Robot.MainWindow | Добавлена стратегия 'BSS'
21:43:15.623 | Robot.SettingsEngine | Загрузка стратегий тестирования из DbTesting.xml
21:43:15.624 | Robot.SettingsEngine | Загрузка стратегий из HustleEveryDayStrategies.xml
21:43:15.678 | Robot.SettingsEngine | Загрузка стратегий тестирования из TestingHustleEveryDayStrategies.xml
21:43:15.876 | Robot.MainWindow | Robot - 4.0.0
21:43:31.653 | Robot.MainWindow | Добавлена стратегия 'HEDS'
21:43:31.655 | Robot.SettingsEngine | Сохранение стратегий в HustleEveryDayStrategies.xml
21:43:31.665 | Robot.SettingsEngine | Сохранение стратегий в DbStrategies.xml
21:44:24.247 | Robot.MainWindow | Удаление стратегии 'Новая стратегия 1'
21:44:24.255 | Robot.SettingsEngine | Сохранение стратегий в HustleEveryDayStrategies.xml
21:44:24.256 | Robot.SettingsEngine | Сохранение стратегий в DbStrategies.xml
00:00:00.000 | Robot.ConnectionEngine | Disconnected -> Connecting
00:00:00.000 | Robot.ConnectionEngine | FsmOnEntryConnecting
00:00:00.000 | Robot.ConnectionEngine | Conecting to Quik
21:45:14.687 | Robot.MainWindow | Добавлена тестовая стратегия 'BSS'
21:45:14.689 | Robot.SettingsEngine | Сохранение тестовых стратегий в TestingHustleEveryDayStrategies.xml
21:45:14.744 | Robot.SettingsEngine | Сохранение тестовых стратегий в DbTesting.xml
21:45:38.216 | Robot.MainWindow | Удаление тестовой стратегии 'Тестирование 1'
21:45:38.224 | Robot.SettingsEngine | Сохранение тестовых стратегий в TestingHustleEveryDayStrategies.xml
21:45:38.226 | Robot.SettingsEngine | Сохранение тестовых стратегий в DbTesting.xml
21:45:50.075 | Robot.SettingsEngine | Сохранение стратегий в HustleEveryDayStrategies.xml
21:45:50.076 | Robot.SettingsEngine | Сохранение стратегий в DbStrategies.xml
21:45:59.277 | Robot.MainWindow | Добавлена стратегия 'BSS'
21:45:59.278 | Robot.SettingsEngine | Сохранение стратегий в HustleEveryDayStrategies.xml
21:45:59.279 | Robot.SettingsEngine | Сохранение стратегий в DbStrategies.xml
21:46:04.486 | Robot.MainWindow | Удаление стратегии 'Новая стратегия 2'
21:46:04.492 | Robot.SettingsEngine | Сохранение стратегий в HustleEveryDayStrategies.xml
21:46:04.494 | Robot.SettingsEngine | Сохранение стратегий в DbStrategies.xml
